<?xml version="1.0" encoding="utf-8"?><testsuites name="pytest tests"><testsuite name="pytest" errors="0" failures="0" skipped="0" tests="7" time="0.207" timestamp="2026-02-17T21:49:29.996963+05:00" hostname="pk_litvinova"><testcase classname="tests.test_aggregator" name="test_count_levels" time="0.001" /><testcase classname="tests.test_aggregator" name="test_count_empty" time="0.001" /><testcase classname="tests.test_filter" name="test_filter_info" time="0.001" /><testcase classname="tests.test_filter" name="test_filter_empty" time="0.001" /><testcase classname="tests.test_integration" name="test_integration_file" time="0.020" /><testcase classname="tests.test_parser" name="test_parse_log_line" time="0.001" /><testcase classname="tests.test_parser" name="test_parse_invalid_line" time="0.001" /></testsuite></testsuites>